wight is 18.92
PLC B:1:2022/5/26 11:10:25
B:全自
2022-05-26 11:10:25 4
PK029plc read start 2022/5/26 11:10:25
PK029C台B入 2022/5/26 11:10:52
PK029plc read end 2022/5/26 11:10:52
PK029pac_file write start 2022/5/26 11:10:52
wight is 18.92
wight is 18.92
PLC B:1:2022/5/26 11:17:11
B:全自
2022-05-26 11:17:11 4
PK029plc read start 2022/5/26 11:17:11
PK029C台B入 2022/5/26 11:17:31
PK029plc read end 2022/5/26 11:17:31
PK029pac_file write start 2022/5/26 11:17:31
wight is 18.92
wight is 18.92
PLC B:1:2022/5/26 11:22:48
B:全自
2022-05-26 11:22:48 4
PK029plc read start 2022/5/26 11:22:48
PK029C台B入 2022/5/26 11:23:07
PK029plc read end 2022/5/26 11:23:07
PK029pac_file write start 2022/5/26 11:23:07
wight is 18.92
PLC B:1:2022/5/26 11:26:46
B:全自
2022-05-26 11:26:46 28
PK029plc read start 2022/5/26 11:26:46
PK029C台B入 2022/5/26 11:27:05
PK029plc read end 2022/5/26 11:27:07
PK029pac_file write start 2022/5/26 11:27:07
wight is 18.92
wight is 20.19
PLC B:1:2022/5/26 11:32:13
B:全自
2022-05-26 11:32:13 28
PK029plc read start 2022/5/26 11:32:13
PK029C台B入 2022/5/26 11:32:32
PK029plc read end 2022/5/26 11:32:32
PK029pac_file write start 2022/5/26 11:32:32
